{
  "RSpec": {
    "coverage": {
      "/Users/danielhalverson/turing/3module/5week/sweater_weather/app/facades/forecast_facade.rb": {
        "lines": [
          1,
          1,
          2,
          2,
          2,
          null,
          null
        ]
      },
      "/Users/danielhalverson/turing/3module/5week/sweater_weather/app/services/location_service.rb": {
        "lines": [
          1,
          1,
          3,
          3,
          3,
          3,
          null,
          3,
          null,
          null
        ]
      },
      "/Users/danielhalverson/turing/3module/5week/sweater_weather/app/services/forecast_service.rb": {
        "lines": [
          1,
          1,
          3,
          3,
          3,
          3,
          3,
          3,
          3,
          null,
          3,
          null,
          null
        ]
      },
      "/Users/danielhalverson/turing/3module/5week/sweater_weather/app/poros/forecast.rb": {
        "lines": [
          1,
          1,
          null,
          null,
          null,
          1,
          3,
          3,
          3,
          null,
          null,
          1,
          null,
          1,
          3,
          null,
          null,
          1,
          3,
          24,
          null,
          null,
          null,
          1,
          3,
          15,
          null,
          null,
          null
        ]
      },
      "/Users/danielhalverson/turing/3module/5week/sweater_weather/app/poros/current_forecast.rb": {
        "lines": [
          1,
          1,
          null,
          null,
          null,
          null,
          null,
          null,
          null,
          null,
          null,
          null,
          1,
          4,
          4,
          4,
          4,
          4,
          4,
          4,
          4,
          4,
          4,
          null,
          null
        ]
      },
      "/Users/danielhalverson/turing/3module/5week/sweater_weather/app/poros/hourly_forecast.rb": {
        "lines": [
          1,
          1,
          null,
          null,
          null,
          null,
          null,
          null,
          1,
          34,
          34,
          34,
          34,
          34,
          34,
          null,
          null,
          1,
          43,
          null,
          null
        ]
      },
      "/Users/danielhalverson/turing/3module/5week/sweater_weather/app/poros/daily_forecast.rb": {
        "lines": [
          1,
          1,
          null,
          null,
          null,
          null,
          null,
          null,
          null,
          1,
          16,
          16,
          16,
          16,
          16,
          16,
          16,
          null,
          null
        ]
      },
      "/Users/danielhalverson/turing/3module/5week/sweater_weather/app/serializers/forecast_serializer.rb": {
        "lines": [
          1,
          1,
          1,
          null,
          null,
          1,
          1,
          null
        ]
      },
      "/Users/danielhalverson/turing/3module/5week/sweater_weather/app/models/application_record.rb": {
        "lines": [
          0,
          0,
          0
        ],
        "branches": {
        }
      }
    },
    "timestamp": 1604878352
  }
}
